[2015-01-06 01:27:44,087][WARN ][transport.netty          ] [Nuke - Frank Simpson] exception caught on transport layer [[id: 0xe9c31aed]], closing connection
java.net.SocketException: Network is unreachable
	at sun.nio.ch.Net.connect(Native Method)
	at sun.nio.ch.SocketChannelImpl.connect(SocketChannelImpl.java:532)
	at org.elasticsearch.common.netty.channel.socket.nio.NioClientSocketPipelineSink.connect(NioClientSocketPipelineSink.java:106)
	at org.elasticsearch.common.netty.channel.socket.nio.NioClientSocketPipelineSink.eventSunk(NioClientSocketPipelineSink.java:69)
	at org.elasticsearch.common.netty.channel.DefaultChannelPipeline.sendDownstream(DefaultChannelPipeline.java:570)
	at org.elasticsearch.common.netty.channel.Channels.connect(Channels.java:634)
	at org.elasticsearch.common.netty.channel.AbstractChannel.connect(AbstractChannel.java:207)
	at org.elasticsearch.common.netty.bootstrap.ClientBootstrap.connect(ClientBootstrap.java:229)
	at org.elasticsearch.common.netty.bootstrap.ClientBootstrap.connect(ClientBootstrap.java:182)
	at org.elasticsearch.transport.netty.NettyTransport.connectToChannels(NettyTransport.java:652)
	at org.elasticsearch.transport.netty.NettyTransport.connectToNode(NettyTransport.java:604)
	at org.elasticsearch.transport.netty.NettyTransport.connectToNode(NettyTransport.java:574)
	at org.elasticsearch.transport.TransportService.connectToNode(TransportService.java:127)
	at org.elasticsearch.cluster.service.InternalClusterService$ReconnectToNodes.run(InternalClusterService.java:395)
	at java.util.concurrent.ThreadPoolExecutor$Worker.runTask(ThreadPoolExecutor.java:895)
	at java.util.concurrent.ThreadPoolExecutor$Worker.run(ThreadPoolExecutor.java:918)
	at java.lang.Thread.run(Thread.java:695)
[2015-01-06 01:27:44,112][WARN ][transport.netty          ] [Nuke - Frank Simpson] exception caught on transport layer [[id: 0x9cdc45cb]], closing connection
java.net.SocketException: Network is unreachable
	at sun.nio.ch.Net.connect(Native Method)
	at sun.nio.ch.SocketChannelImpl.connect(SocketChannelImpl.java:532)
	at org.elasticsearch.common.netty.channel.socket.nio.NioClientSocketPipelineSink.connect(NioClientSocketPipelineSink.java:106)
	at org.elasticsearch.common.netty.channel.socket.nio.NioClientSocketPipelineSink.eventSunk(NioClientSocketPipelineSink.java:69)
	at org.elasticsearch.common.netty.channel.DefaultChannelPipeline.sendDownstream(DefaultChannelPipeline.java:570)
	at org.elasticsearch.common.netty.channel.Channels.connect(Channels.java:634)
	at org.elasticsearch.common.netty.channel.AbstractChannel.connect(AbstractChannel.java:207)
	at org.elasticsearch.common.netty.bootstrap.ClientBootstrap.connect(ClientBootstrap.java:229)
	at org.elasticsearch.common.netty.bootstrap.ClientBootstrap.connect(ClientBootstrap.java:182)
	at org.elasticsearch.transport.netty.NettyTransport.connectToChannels(NettyTransport.java:652)
	at org.elasticsearch.transport.netty.NettyTransport.connectToNode(NettyTransport.java:604)
	at org.elasticsearch.transport.netty.NettyTransport.connectToNode(NettyTransport.java:574)
	at org.elasticsearch.transport.TransportService.connectToNode(TransportService.java:127)
	at org.elasticsearch.cluster.service.InternalClusterService$ReconnectToNodes.run(InternalClusterService.java:395)
	at java.util.concurrent.ThreadPoolExecutor$Worker.runTask(ThreadPoolExecutor.java:895)
	at java.util.concurrent.ThreadPoolExecutor$Worker.run(ThreadPoolExecutor.java:918)
	at java.lang.Thread.run(Thread.java:695)
[2015-01-06 01:27:44,113][WARN ][transport.netty          ] [Nuke - Frank Simpson] exception caught on transport layer [[id: 0x53ff4413]], closing connection
java.net.SocketException: Network is unreachable
	at sun.nio.ch.Net.connect(Native Method)
	at sun.nio.ch.SocketChannelImpl.connect(SocketChannelImpl.java:532)
	at org.elasticsearch.common.netty.channel.socket.nio.NioClientSocketPipelineSink.connect(NioClientSocketPipelineSink.java:106)
	at org.elasticsearch.common.netty.channel.socket.nio.NioClientSocketPipelineSink.eventSunk(NioClientSocketPipelineSink.java:69)
	at org.elasticsearch.common.netty.channel.DefaultChannelPipeline.sendDownstream(DefaultChannelPipeline.java:570)
	at org.elasticsearch.common.netty.channel.Channels.connect(Channels.java:634)
	at org.elasticsearch.common.netty.channel.AbstractChannel.connect(AbstractChannel.java:207)
	at org.elasticsearch.common.netty.bootstrap.ClientBootstrap.connect(ClientBootstrap.java:229)
	at org.elasticsearch.common.netty.bootstrap.ClientBootstrap.connect(ClientBootstrap.java:182)
	at org.elasticsearch.transport.netty.NettyTransport.connectToChannels(NettyTransport.java:655)
	at org.elasticsearch.transport.netty.NettyTransport.connectToNode(NettyTransport.java:604)
	at org.elasticsearch.transport.netty.NettyTransport.connectToNode(NettyTransport.java:574)
	at org.elasticsearch.transport.TransportService.connectToNode(TransportService.java:127)
	at org.elasticsearch.cluster.service.InternalClusterService$ReconnectToNodes.run(InternalClusterService.java:395)
	at java.util.concurrent.ThreadPoolExecutor$Worker.runTask(ThreadPoolExecutor.java:895)
	at java.util.concurrent.ThreadPoolExecutor$Worker.run(ThreadPoolExecutor.java:918)
	at java.lang.Thread.run(Thread.java:695)
[2015-01-06 01:27:44,114][WARN ][transport.netty          ] [Nuke - Frank Simpson] exception caught on transport layer [[id: 0x718f97be]], closing connection
java.net.SocketException: Network is unreachable
	at sun.nio.ch.Net.connect(Native Method)
	at sun.nio.ch.SocketChannelImpl.connect(SocketChannelImpl.java:532)
	at org.elasticsearch.common.netty.channel.socket.nio.NioClientSocketPipelineSink.connect(NioClientSocketPipelineSink.java:106)
	at org.elasticsearch.common.netty.channel.socket.nio.NioClientSocketPipelineSink.eventSunk(NioClientSocketPipelineSink.java:69)
	at org.elasticsearch.common.netty.channel.DefaultChannelPipeline.sendDownstream(DefaultChannelPipeline.java:570)
	at org.elasticsearch.common.netty.channel.Channels.connect(Channels.java:634)
	at org.elasticsearch.common.netty.channel.AbstractChannel.connect(AbstractChannel.java:207)
	at org.elasticsearch.common.netty.bootstrap.ClientBootstrap.connect(ClientBootstrap.java:229)
	at org.elasticsearch.common.netty.bootstrap.ClientBootstrap.connect(ClientBootstrap.java:182)
	at org.elasticsearch.transport.netty.NettyTransport.connectToChannels(NettyTransport.java:655)
	at org.elasticsearch.transport.netty.NettyTransport.connectToNode(NettyTransport.java:604)
	at org.elasticsearch.transport.netty.NettyTransport.connectToNode(NettyTransport.java:574)
	at org.elasticsearch.transport.TransportService.connectToNode(TransportService.java:127)
	at org.elasticsearch.cluster.service.InternalClusterService$ReconnectToNodes.run(InternalClusterService.java:395)
	at java.util.concurrent.ThreadPoolExecutor$Worker.runTask(ThreadPoolExecutor.java:895)
	at java.util.concurrent.ThreadPoolExecutor$Worker.run(ThreadPoolExecutor.java:918)
	at java.lang.Thread.run(Thread.java:695)
[2015-01-06 01:27:44,116][WARN ][transport.netty          ] [Nuke - Frank Simpson] exception caught on transport layer [[id: 0x08593acf]], closing connection
java.net.SocketException: Network is unreachable
	at sun.nio.ch.Net.connect(Native Method)
	at sun.nio.ch.SocketChannelImpl.connect(SocketChannelImpl.java:532)
	at org.elasticsearch.common.netty.channel.socket.nio.NioClientSocketPipelineSink.connect(NioClientSocketPipelineSink.java:106)
	at org.elasticsearch.common.netty.channel.socket.nio.NioClientSocketPipelineSink.eventSunk(NioClientSocketPipelineSink.java:69)
	at org.elasticsearch.common.netty.channel.DefaultChannelPipeline.sendDownstream(DefaultChannelPipeline.java:570)
	at org.elasticsearch.common.netty.channel.Channels.connect(Channels.java:634)
	at org.elasticsearch.common.netty.channel.AbstractChannel.connect(AbstractChannel.java:207)
	at org.elasticsearch.common.netty.bootstrap.ClientBootstrap.connect(ClientBootstrap.java:229)
	at org.elasticsearch.common.netty.bootstrap.ClientBootstrap.connect(ClientBootstrap.java:182)
	at org.elasticsearch.transport.netty.NettyTransport.connectToChannels(NettyTransport.java:655)
	at org.elasticsearch.transport.netty.NettyTransport.connectToNode(NettyTransport.java:604)
	at org.elasticsearch.transport.netty.NettyTransport.connectToNode(NettyTransport.java:574)
	at org.elasticsearch.transport.TransportService.connectToNode(TransportService.java:127)
	at org.elasticsearch.cluster.service.InternalClusterService$ReconnectToNodes.run(InternalClusterService.java:395)
	at java.util.concurrent.ThreadPoolExecutor$Worker.runTask(ThreadPoolExecutor.java:895)
	at java.util.concurrent.ThreadPoolExecutor$Worker.run(ThreadPoolExecutor.java:918)
	at java.lang.Thread.run(Thread.java:695)
[2015-01-06 01:27:44,117][WARN ][transport.netty          ] [Nuke - Frank Simpson] exception caught on transport layer [[id: 0xd9d71230]], closing connection
java.net.SocketException: Network is unreachable
	at sun.nio.ch.Net.connect(Native Method)
	at sun.nio.ch.SocketChannelImpl.connect(SocketChannelImpl.java:532)
	at org.elasticsearch.common.netty.channel.socket.nio.NioClientSocketPipelineSink.connect(NioClientSocketPipelineSink.java:106)
	at org.elasticsearch.common.netty.channel.socket.nio.NioClientSocketPipelineSink.eventSunk(NioClientSocketPipelineSink.java:69)
	at org.elasticsearch.common.netty.channel.DefaultChannelPipeline.sendDownstream(DefaultChannelPipeline.java:570)
	at org.elasticsearch.common.netty.channel.Channels.connect(Channels.java:634)
	at org.elasticsearch.common.netty.channel.AbstractChannel.connect(AbstractChannel.java:207)
	at org.elasticsearch.common.netty.bootstrap.ClientBootstrap.connect(ClientBootstrap.java:229)
	at org.elasticsearch.common.netty.bootstrap.ClientBootstrap.connect(ClientBootstrap.java:182)
	at org.elasticsearch.transport.netty.NettyTransport.connectToChannels(NettyTransport.java:655)
	at org.elasticsearch.transport.netty.NettyTransport.connectToNode(NettyTransport.java:604)
	at org.elasticsearch.transport.netty.NettyTransport.connectToNode(NettyTransport.java:574)
	at org.elasticsearch.transport.TransportService.connectToNode(TransportService.java:127)
	at org.elasticsearch.cluster.service.InternalClusterService$ReconnectToNodes.run(InternalClusterService.java:395)
	at java.util.concurrent.ThreadPoolExecutor$Worker.runTask(ThreadPoolExecutor.java:895)
	at java.util.concurrent.ThreadPoolExecutor$Worker.run(ThreadPoolExecutor.java:918)
	at java.lang.Thread.run(Thread.java:695)
[2015-01-06 01:27:44,118][WARN ][transport.netty          ] [Nuke - Frank Simpson] exception caught on transport layer [[id: 0x4c26bd6d]], closing connection
java.net.SocketException: Network is unreachable
	at sun.nio.ch.Net.connect(Native Method)
	at sun.nio.ch.SocketChannelImpl.connect(SocketChannelImpl.java:532)
	at org.elasticsearch.common.netty.channel.socket.nio.NioClientSocketPipelineSink.connect(NioClientSocketPipelineSink.java:106)
	at org.elasticsearch.common.netty.channel.socket.nio.NioClientSocketPipelineSink.eventSunk(NioClientSocketPipelineSink.java:69)
	at org.elasticsearch.common.netty.channel.DefaultChannelPipeline.sendDownstream(DefaultChannelPipeline.java:570)
	at org.elasticsearch.common.netty.channel.Channels.connect(Channels.java:634)
	at org.elasticsearch.common.netty.channel.AbstractChannel.connect(AbstractChannel.java:207)
	at org.elasticsearch.common.netty.bootstrap.ClientBootstrap.connect(ClientBootstrap.java:229)
	at org.elasticsearch.common.netty.bootstrap.ClientBootstrap.connect(ClientBootstrap.java:182)
	at org.elasticsearch.transport.netty.NettyTransport.connectToChannels(NettyTransport.java:655)
	at org.elasticsearch.transport.netty.NettyTransport.connectToNode(NettyTransport.java:604)
	at org.elasticsearch.transport.netty.NettyTransport.connectToNode(NettyTransport.java:574)
	at org.elasticsearch.transport.TransportService.connectToNode(TransportService.java:127)
	at org.elasticsearch.cluster.service.InternalClusterService$ReconnectToNodes.run(InternalClusterService.java:395)
	at java.util.concurrent.ThreadPoolExecutor$Worker.runTask(ThreadPoolExecutor.java:895)
	at java.util.concurrent.ThreadPoolExecutor$Worker.run(ThreadPoolExecutor.java:918)
	at java.lang.Thread.run(Thread.java:695)
[2015-01-06 01:27:44,120][WARN ][transport.netty          ] [Nuke - Frank Simpson] exception caught on transport layer [[id: 0x245e26c2]], closing connection
java.net.SocketException: Network is unreachable
	at sun.nio.ch.Net.connect(Native Method)
	at sun.nio.ch.SocketChannelImpl.connect(SocketChannelImpl.java:532)
	at org.elasticsearch.common.netty.channel.socket.nio.NioClientSocketPipelineSink.connect(NioClientSocketPipelineSink.java:106)
	at org.elasticsearch.common.netty.channel.socket.nio.NioClientSocketPipelineSink.eventSunk(NioClientSocketPipelineSink.java:69)
	at org.elasticsearch.common.netty.channel.DefaultChannelPipeline.sendDownstream(DefaultChannelPipeline.java:570)
	at org.elasticsearch.common.netty.channel.Channels.connect(Channels.java:634)
	at org.elasticsearch.common.netty.channel.AbstractChannel.connect(AbstractChannel.java:207)
	at org.elasticsearch.common.netty.bootstrap.ClientBootstrap.connect(ClientBootstrap.java:229)
	at org.elasticsearch.common.netty.bootstrap.ClientBootstrap.connect(ClientBootstrap.java:182)
	at org.elasticsearch.transport.netty.NettyTransport.connectToChannels(NettyTransport.java:655)
	at org.elasticsearch.transport.netty.NettyTransport.connectToNode(NettyTransport.java:604)
	at org.elasticsearch.transport.netty.NettyTransport.connectToNode(NettyTransport.java:574)
	at org.elasticsearch.transport.TransportService.connectToNode(TransportService.java:127)
	at org.elasticsearch.cluster.service.InternalClusterService$ReconnectToNodes.run(InternalClusterService.java:395)
	at java.util.concurrent.ThreadPoolExecutor$Worker.runTask(ThreadPoolExecutor.java:895)
	at java.util.concurrent.ThreadPoolExecutor$Worker.run(ThreadPoolExecutor.java:918)
	at java.lang.Thread.run(Thread.java:695)
[2015-01-06 01:27:44,121][WARN ][transport.netty          ] [Nuke - Frank Simpson] exception caught on transport layer [[id: 0xcd2408ee]], closing connection
java.net.SocketException: Network is unreachable
	at sun.nio.ch.Net.connect(Native Method)
	at sun.nio.ch.SocketChannelImpl.connect(SocketChannelImpl.java:532)
	at org.elasticsearch.common.netty.channel.socket.nio.NioClientSocketPipelineSink.connect(NioClientSocketPipelineSink.java:106)
	at org.elasticsearch.common.netty.channel.socket.nio.NioClientSocketPipelineSink.eventSunk(NioClientSocketPipelineSink.java:69)
	at org.elasticsearch.common.netty.channel.DefaultChannelPipeline.sendDownstream(DefaultChannelPipeline.java:570)
	at org.elasticsearch.common.netty.channel.Channels.connect(Channels.java:634)
	at org.elasticsearch.common.netty.channel.AbstractChannel.connect(AbstractChannel.java:207)
	at org.elasticsearch.common.netty.bootstrap.ClientBootstrap.connect(ClientBootstrap.java:229)
	at org.elasticsearch.common.netty.bootstrap.ClientBootstrap.connect(ClientBootstrap.java:182)
	at org.elasticsearch.transport.netty.NettyTransport.connectToChannels(NettyTransport.java:658)
	at org.elasticsearch.transport.netty.NettyTransport.connectToNode(NettyTransport.java:604)
	at org.elasticsearch.transport.netty.NettyTransport.connectToNode(NettyTransport.java:574)
	at org.elasticsearch.transport.TransportService.connectToNode(TransportService.java:127)
	at org.elasticsearch.cluster.service.InternalClusterService$ReconnectToNodes.run(InternalClusterService.java:395)
	at java.util.concurrent.ThreadPoolExecutor$Worker.runTask(ThreadPoolExecutor.java:895)
	at java.util.concurrent.ThreadPoolExecutor$Worker.run(ThreadPoolExecutor.java:918)
	at java.lang.Thread.run(Thread.java:695)
[2015-01-06 01:29:15,108][WARN ][transport.netty          ] [Nuke - Frank Simpson] exception caught on transport layer [[id: 0xf15e7ce5]], closing connection
java.net.SocketException: Network is down
	at sun.nio.ch.Net.connect(Native Method)
	at sun.nio.ch.SocketChannelImpl.connect(SocketChannelImpl.java:532)
	at org.elasticsearch.common.netty.channel.socket.nio.NioClientSocketPipelineSink.connect(NioClientSocketPipelineSink.java:106)
	at org.elasticsearch.common.netty.channel.socket.nio.NioClientSocketPipelineSink.eventSunk(NioClientSocketPipelineSink.java:69)
	at org.elasticsearch.common.netty.channel.DefaultChannelPipeline.sendDownstream(DefaultChannelPipeline.java:570)
	at org.elasticsearch.common.netty.channel.Channels.connect(Channels.java:634)
	at org.elasticsearch.common.netty.channel.AbstractChannel.connect(AbstractChannel.java:207)
	at org.elasticsearch.common.netty.bootstrap.ClientBootstrap.connect(ClientBootstrap.java:229)
	at org.elasticsearch.common.netty.bootstrap.ClientBootstrap.connect(ClientBootstrap.java:182)
	at org.elasticsearch.transport.netty.NettyTransport.connectToChannels(NettyTransport.java:652)
	at org.elasticsearch.transport.netty.NettyTransport.connectToNode(NettyTransport.java:604)
	at org.elasticsearch.transport.netty.NettyTransport.connectToNode(NettyTransport.java:574)
	at org.elasticsearch.transport.TransportService.connectToNode(TransportService.java:127)
	at org.elasticsearch.cluster.service.InternalClusterService$ReconnectToNodes.run(InternalClusterService.java:395)
	at java.util.concurrent.ThreadPoolExecutor$Worker.runTask(ThreadPoolExecutor.java:895)
	at java.util.concurrent.ThreadPoolExecutor$Worker.run(ThreadPoolExecutor.java:918)
	at java.lang.Thread.run(Thread.java:695)
[2015-01-06 03:28:27,790][WARN ][transport.netty          ] [Nuke - Frank Simpson] exception caught on transport layer [[id: 0x8bf1b7d5]], closing connection
java.net.SocketException: Network is unreachable
	at sun.nio.ch.Net.connect(Native Method)
	at sun.nio.ch.SocketChannelImpl.connect(SocketChannelImpl.java:532)
	at org.elasticsearch.common.netty.channel.socket.nio.NioClientSocketPipelineSink.connect(NioClientSocketPipelineSink.java:106)
	at org.elasticsearch.common.netty.channel.socket.nio.NioClientSocketPipelineSink.eventSunk(NioClientSocketPipelineSink.java:69)
	at org.elasticsearch.common.netty.channel.DefaultChannelPipeline.sendDownstream(DefaultChannelPipeline.java:570)
	at org.elasticsearch.common.netty.channel.Channels.connect(Channels.java:634)
	at org.elasticsearch.common.netty.channel.AbstractChannel.connect(AbstractChannel.java:207)
	at org.elasticsearch.common.netty.bootstrap.ClientBootstrap.connect(ClientBootstrap.java:229)
	at org.elasticsearch.common.netty.bootstrap.ClientBootstrap.connect(ClientBootstrap.java:182)
	at org.elasticsearch.transport.netty.NettyTransport.connectToChannels(NettyTransport.java:652)
	at org.elasticsearch.transport.netty.NettyTransport.connectToNode(NettyTransport.java:604)
	at org.elasticsearch.transport.netty.NettyTransport.connectToNode(NettyTransport.java:574)
	at org.elasticsearch.transport.TransportService.connectToNode(TransportService.java:127)
	at org.elasticsearch.cluster.service.InternalClusterService$ReconnectToNodes.run(InternalClusterService.java:395)
	at java.util.concurrent.ThreadPoolExecutor$Worker.runTask(ThreadPoolExecutor.java:895)
	at java.util.concurrent.ThreadPoolExecutor$Worker.run(ThreadPoolExecutor.java:918)
	at java.lang.Thread.run(Thread.java:695)
[2015-01-06 03:28:27,797][WARN ][transport.netty          ] [Nuke - Frank Simpson] exception caught on transport layer [[id: 0xf05a8944]], closing connection
java.net.SocketException: Network is unreachable
	at sun.nio.ch.Net.connect(Native Method)
	at sun.nio.ch.SocketChannelImpl.connect(SocketChannelImpl.java:532)
	at org.elasticsearch.common.netty.channel.socket.nio.NioClientSocketPipelineSink.connect(NioClientSocketPipelineSink.java:106)
	at org.elasticsearch.common.netty.channel.socket.nio.NioClientSocketPipelineSink.eventSunk(NioClientSocketPipelineSink.java:69)
	at org.elasticsearch.common.netty.channel.DefaultChannelPipeline.sendDownstream(DefaultChannelPipeline.java:570)
	at org.elasticsearch.common.netty.channel.Channels.connect(Channels.java:634)
	at org.elasticsearch.common.netty.channel.AbstractChannel.connect(AbstractChannel.java:207)
	at org.elasticsearch.common.netty.bootstrap.ClientBootstrap.connect(ClientBootstrap.java:229)
	at org.elasticsearch.common.netty.bootstrap.ClientBootstrap.connect(ClientBootstrap.java:182)
	at org.elasticsearch.transport.netty.NettyTransport.connectToChannels(NettyTransport.java:655)
	at org.elasticsearch.transport.netty.NettyTransport.connectToNode(NettyTransport.java:604)
	at org.elasticsearch.transport.netty.NettyTransport.connectToNode(NettyTransport.java:574)
	at org.elasticsearch.transport.TransportService.connectToNode(TransportService.java:127)
	at org.elasticsearch.cluster.service.InternalClusterService$ReconnectToNodes.run(InternalClusterService.java:395)
	at java.util.concurrent.ThreadPoolExecutor$Worker.runTask(ThreadPoolExecutor.java:895)
	at java.util.concurrent.ThreadPoolExecutor$Worker.run(ThreadPoolExecutor.java:918)
	at java.lang.Thread.run(Thread.java:695)
[2015-01-06 03:28:27,809][WARN ][transport.netty          ] [Nuke - Frank Simpson] exception caught on transport layer [[id: 0xf4f4db24]], closing connection
java.net.SocketException: Network is unreachable
	at sun.nio.ch.Net.connect(Native Method)
	at sun.nio.ch.SocketChannelImpl.connect(SocketChannelImpl.java:532)
	at org.elasticsearch.common.netty.channel.socket.nio.NioClientSocketPipelineSink.connect(NioClientSocketPipelineSink.java:106)
	at org.elasticsearch.common.netty.channel.socket.nio.NioClientSocketPipelineSink.eventSunk(NioClientSocketPipelineSink.java:69)
	at org.elasticsearch.common.netty.channel.DefaultChannelPipeline.sendDownstream(DefaultChannelPipeline.java:570)
	at org.elasticsearch.common.netty.channel.Channels.connect(Channels.java:634)
	at org.elasticsearch.common.netty.channel.AbstractChannel.connect(AbstractChannel.java:207)
	at org.elasticsearch.common.netty.bootstrap.ClientBootstrap.connect(ClientBootstrap.java:229)
	at org.elasticsearch.common.netty.bootstrap.ClientBootstrap.connect(ClientBootstrap.java:182)
	at org.elasticsearch.transport.netty.NettyTransport.connectToChannels(NettyTransport.java:655)
	at org.elasticsearch.transport.netty.NettyTransport.connectToNode(NettyTransport.java:604)
	at org.elasticsearch.transport.netty.NettyTransport.connectToNode(NettyTransport.java:574)
	at org.elasticsearch.transport.TransportService.connectToNode(TransportService.java:127)
	at org.elasticsearch.cluster.service.InternalClusterService$ReconnectToNodes.run(InternalClusterService.java:395)
	at java.util.concurrent.ThreadPoolExecutor$Worker.runTask(ThreadPoolExecutor.java:895)
	at java.util.concurrent.ThreadPoolExecutor$Worker.run(ThreadPoolExecutor.java:918)
	at java.lang.Thread.run(Thread.java:695)
[2015-01-06 03:28:27,848][WARN ][transport.netty          ] [Nuke - Frank Simpson] exception caught on transport layer [[id: 0x356afdd4]], closing connection
java.net.SocketException: Network is unreachable
	at sun.nio.ch.Net.connect(Native Method)
	at sun.nio.ch.SocketChannelImpl.connect(SocketChannelImpl.java:532)
	at org.elasticsearch.common.netty.channel.socket.nio.NioClientSocketPipelineSink.connect(NioClientSocketPipelineSink.java:106)
	at org.elasticsearch.common.netty.channel.socket.nio.NioClientSocketPipelineSink.eventSunk(NioClientSocketPipelineSink.java:69)
	at org.elasticsearch.common.netty.channel.DefaultChannelPipeline.sendDownstream(DefaultChannelPipeline.java:570)
	at org.elasticsearch.common.netty.channel.Channels.connect(Channels.java:634)
	at org.elasticsearch.common.netty.channel.AbstractChannel.connect(AbstractChannel.java:207)
	at org.elasticsearch.common.netty.bootstrap.ClientBootstrap.connect(ClientBootstrap.java:229)
	at org.elasticsearch.common.netty.bootstrap.ClientBootstrap.connect(ClientBootstrap.java:182)
	at org.elasticsearch.transport.netty.NettyTransport.connectToChannels(NettyTransport.java:655)
	at org.elasticsearch.transport.netty.NettyTransport.connectToNode(NettyTransport.java:604)
	at org.elasticsearch.transport.netty.NettyTransport.connectToNode(NettyTransport.java:574)
	at org.elasticsearch.transport.TransportService.connectToNode(TransportService.java:127)
	at org.elasticsearch.cluster.service.InternalClusterService$ReconnectToNodes.run(InternalClusterService.java:395)
	at java.util.concurrent.ThreadPoolExecutor$Worker.runTask(ThreadPoolExecutor.java:895)
	at java.util.concurrent.ThreadPoolExecutor$Worker.run(ThreadPoolExecutor.java:918)
	at java.lang.Thread.run(Thread.java:695)
[2015-01-06 03:28:27,850][WARN ][transport.netty          ] [Nuke - Frank Simpson] exception caught on transport layer [[id: 0x423ac22e]], closing connection
java.net.SocketException: Network is unreachable
	at sun.nio.ch.Net.connect(Native Method)
	at sun.nio.ch.SocketChannelImpl.connect(SocketChannelImpl.java:532)
	at org.elasticsearch.common.netty.channel.socket.nio.NioClientSocketPipelineSink.connect(NioClientSocketPipelineSink.java:106)
	at org.elasticsearch.common.netty.channel.socket.nio.NioClientSocketPipelineSink.eventSunk(NioClientSocketPipelineSink.java:69)
	at org.elasticsearch.common.netty.channel.DefaultChannelPipeline.sendDownstream(DefaultChannelPipeline.java:570)
	at org.elasticsearch.common.netty.channel.Channels.connect(Channels.java:634)
	at org.elasticsearch.common.netty.channel.AbstractChannel.connect(AbstractChannel.java:207)
	at org.elasticsearch.common.netty.bootstrap.ClientBootstrap.connect(ClientBootstrap.java:229)
	at org.elasticsearch.common.netty.bootstrap.ClientBootstrap.connect(ClientBootstrap.java:182)
	at org.elasticsearch.transport.netty.NettyTransport.connectToChannels(NettyTransport.java:655)
	at org.elasticsearch.transport.netty.NettyTransport.connectToNode(NettyTransport.java:604)
	at org.elasticsearch.transport.netty.NettyTransport.connectToNode(NettyTransport.java:574)
	at org.elasticsearch.transport.TransportService.connectToNode(TransportService.java:127)
	at org.elasticsearch.cluster.service.InternalClusterService$ReconnectToNodes.run(InternalClusterService.java:395)
	at java.util.concurrent.ThreadPoolExecutor$Worker.runTask(ThreadPoolExecutor.java:895)
	at java.util.concurrent.ThreadPoolExecutor$Worker.run(ThreadPoolExecutor.java:918)
	at java.lang.Thread.run(Thread.java:695)
[2015-01-06 03:28:27,945][WARN ][transport.netty          ] [Nuke - Frank Simpson] exception caught on transport layer [[id: 0xbe80217a]], closing connection
java.net.SocketException: Network is unreachable
	at sun.nio.ch.Net.connect(Native Method)
	at sun.nio.ch.SocketChannelImpl.connect(SocketChannelImpl.java:532)
	at org.elasticsearch.common.netty.channel.socket.nio.NioClientSocketPipelineSink.connect(NioClientSocketPipelineSink.java:106)
	at org.elasticsearch.common.netty.channel.socket.nio.NioClientSocketPipelineSink.eventSunk(NioClientSocketPipelineSink.java:69)
	at org.elasticsearch.common.netty.channel.DefaultChannelPipeline.sendDownstream(DefaultChannelPipeline.java:570)
	at org.elasticsearch.common.netty.channel.Channels.connect(Channels.java:634)
	at org.elasticsearch.common.netty.channel.AbstractChannel.connect(AbstractChannel.java:207)
	at org.elasticsearch.common.netty.bootstrap.ClientBootstrap.connect(ClientBootstrap.java:229)
	at org.elasticsearch.common.netty.bootstrap.ClientBootstrap.connect(ClientBootstrap.java:182)
	at org.elasticsearch.transport.netty.NettyTransport.connectToChannels(NettyTransport.java:655)
	at org.elasticsearch.transport.netty.NettyTransport.connectToNode(NettyTransport.java:604)
	at org.elasticsearch.transport.netty.NettyTransport.connectToNode(NettyTransport.java:574)
	at org.elasticsearch.transport.TransportService.connectToNode(TransportService.java:127)
	at org.elasticsearch.cluster.service.InternalClusterService$ReconnectToNodes.run(InternalClusterService.java:395)
	at java.util.concurrent.ThreadPoolExecutor$Worker.runTask(ThreadPoolExecutor.java:895)
	at java.util.concurrent.ThreadPoolExecutor$Worker.run(ThreadPoolExecutor.java:918)
	at java.lang.Thread.run(Thread.java:695)
[2015-01-06 03:28:27,955][WARN ][transport.netty          ] [Nuke - Frank Simpson] exception caught on transport layer [[id: 0xbb263955]], closing connection
java.net.SocketException: Network is unreachable
	at sun.nio.ch.Net.connect(Native Method)
	at sun.nio.ch.SocketChannelImpl.connect(SocketChannelImpl.java:532)
	at org.elasticsearch.common.netty.channel.socket.nio.NioClientSocketPipelineSink.connect(NioClientSocketPipelineSink.java:106)
	at org.elasticsearch.common.netty.channel.socket.nio.NioClientSocketPipelineSink.eventSunk(NioClientSocketPipelineSink.java:69)
	at org.elasticsearch.common.netty.channel.DefaultChannelPipeline.sendDownstream(DefaultChannelPipeline.java:570)
	at org.elasticsearch.common.netty.channel.Channels.connect(Channels.java:634)
	at org.elasticsearch.common.netty.channel.AbstractChannel.connect(AbstractChannel.java:207)
	at org.elasticsearch.common.netty.bootstrap.ClientBootstrap.connect(ClientBootstrap.java:229)
	at org.elasticsearch.common.netty.bootstrap.ClientBootstrap.connect(ClientBootstrap.java:182)
	at org.elasticsearch.transport.netty.NettyTransport.connectToChannels(NettyTransport.java:655)
	at org.elasticsearch.transport.netty.NettyTransport.connectToNode(NettyTransport.java:604)
	at org.elasticsearch.transport.netty.NettyTransport.connectToNode(NettyTransport.java:574)
	at org.elasticsearch.transport.TransportService.connectToNode(TransportService.java:127)
	at org.elasticsearch.cluster.service.InternalClusterService$ReconnectToNodes.run(InternalClusterService.java:395)
	at java.util.concurrent.ThreadPoolExecutor$Worker.runTask(ThreadPoolExecutor.java:895)
	at java.util.concurrent.ThreadPoolExecutor$Worker.run(ThreadPoolExecutor.java:918)
	at java.lang.Thread.run(Thread.java:695)
[2015-01-06 03:28:28,045][WARN ][transport.netty          ] [Nuke - Frank Simpson] exception caught on transport layer [[id: 0x829db562]], closing connection
java.net.SocketException: Network is unreachable
	at sun.nio.ch.Net.connect(Native Method)
	at sun.nio.ch.SocketChannelImpl.connect(SocketChannelImpl.java:532)
	at org.elasticsearch.common.netty.channel.socket.nio.NioClientSocketPipelineSink.connect(NioClientSocketPipelineSink.java:106)
	at org.elasticsearch.common.netty.channel.socket.nio.NioClientSocketPipelineSink.eventSunk(NioClientSocketPipelineSink.java:69)
	at org.elasticsearch.common.netty.channel.DefaultChannelPipeline.sendDownstream(DefaultChannelPipeline.java:570)
	at org.elasticsearch.common.netty.channel.Channels.connect(Channels.java:634)
	at org.elasticsearch.common.netty.channel.AbstractChannel.connect(AbstractChannel.java:207)
	at org.elasticsearch.common.netty.bootstrap.ClientBootstrap.connect(ClientBootstrap.java:229)
	at org.elasticsearch.common.netty.bootstrap.ClientBootstrap.connect(ClientBootstrap.java:182)
	at org.elasticsearch.transport.netty.NettyTransport.connectToChannels(NettyTransport.java:658)
	at org.elasticsearch.transport.netty.NettyTransport.connectToNode(NettyTransport.java:604)
	at org.elasticsearch.transport.netty.NettyTransport.connectToNode(NettyTransport.java:574)
	at org.elasticsearch.transport.TransportService.connectToNode(TransportService.java:127)
	at org.elasticsearch.cluster.service.InternalClusterService$ReconnectToNodes.run(InternalClusterService.java:395)
	at java.util.concurrent.ThreadPoolExecutor$Worker.runTask(ThreadPoolExecutor.java:895)
	at java.util.concurrent.ThreadPoolExecutor$Worker.run(ThreadPoolExecutor.java:918)
	at java.lang.Thread.run(Thread.java:695)
[2015-01-06 03:28:28,050][WARN ][cluster.service          ] [Nuke - Frank Simpson] failed to reconnect to node [Nuke - Frank Simpson][Bouh8eleQ_al0AqM_TjMKQ][inet[/192.168.1.141:9300]]
org.elasticsearch.transport.ConnectTransportException: [Nuke - Frank Simpson][inet[/192.168.1.141:9300]] connect_timeout[30s]
	at org.elasticsearch.transport.netty.NettyTransport.connectToChannels(NettyTransport.java:665)
	at org.elasticsearch.transport.netty.NettyTransport.connectToNode(NettyTransport.java:604)
	at org.elasticsearch.transport.netty.NettyTransport.connectToNode(NettyTransport.java:574)
	at org.elasticsearch.transport.TransportService.connectToNode(TransportService.java:127)
	at org.elasticsearch.cluster.service.InternalClusterService$ReconnectToNodes.run(InternalClusterService.java:395)
	at java.util.concurrent.ThreadPoolExecutor$Worker.runTask(ThreadPoolExecutor.java:895)
	at java.util.concurrent.ThreadPoolExecutor$Worker.run(ThreadPoolExecutor.java:918)
	at java.lang.Thread.run(Thread.java:695)
Caused by: java.net.SocketException: Network is down
	at sun.nio.ch.Net.connect(Native Method)
	at sun.nio.ch.SocketChannelImpl.connect(SocketChannelImpl.java:532)
	at org.elasticsearch.common.netty.channel.socket.nio.NioClientSocketPipelineSink.connect(NioClientSocketPipelineSink.java:106)
	at org.elasticsearch.common.netty.channel.socket.nio.NioClientSocketPipelineSink.eventSunk(NioClientSocketPipelineSink.java:69)
	at org.elasticsearch.common.netty.channel.DefaultChannelPipeline.sendDownstream(DefaultChannelPipeline.java:570)
	at org.elasticsearch.common.netty.channel.Channels.connect(Channels.java:634)
	at org.elasticsearch.common.netty.channel.AbstractChannel.connect(AbstractChannel.java:207)
	at org.elasticsearch.common.netty.bootstrap.ClientBootstrap.connect(ClientBootstrap.java:229)
	at org.elasticsearch.common.netty.bootstrap.ClientBootstrap.connect(ClientBootstrap.java:182)
	at org.elasticsearch.transport.netty.NettyTransport.connectToChannels(NettyTransport.java:652)
	... 7 more
[2015-01-06 07:30:10,955][WARN ][transport.netty          ] [Nuke - Frank Simpson] exception caught on transport layer [[id: 0x1b6ba21a]], closing connection
java.net.SocketException: Network is unreachable
	at sun.nio.ch.Net.connect(Native Method)
	at sun.nio.ch.SocketChannelImpl.connect(SocketChannelImpl.java:532)
	at org.elasticsearch.common.netty.channel.socket.nio.NioClientSocketPipelineSink.connect(NioClientSocketPipelineSink.java:106)
	at org.elasticsearch.common.netty.channel.socket.nio.NioClientSocketPipelineSink.eventSunk(NioClientSocketPipelineSink.java:69)
	at org.elasticsearch.common.netty.channel.DefaultChannelPipeline.sendDownstream(DefaultChannelPipeline.java:570)
	at org.elasticsearch.common.netty.channel.Channels.connect(Channels.java:634)
	at org.elasticsearch.common.netty.channel.AbstractChannel.connect(AbstractChannel.java:207)
	at org.elasticsearch.common.netty.bootstrap.ClientBootstrap.connect(ClientBootstrap.java:229)
	at org.elasticsearch.common.netty.bootstrap.ClientBootstrap.connect(ClientBootstrap.java:182)
	at org.elasticsearch.transport.netty.NettyTransport.connectToChannels(NettyTransport.java:652)
	at org.elasticsearch.transport.netty.NettyTransport.connectToNode(NettyTransport.java:604)
	at org.elasticsearch.transport.netty.NettyTransport.connectToNode(NettyTransport.java:574)
	at org.elasticsearch.transport.TransportService.connectToNode(TransportService.java:127)
	at org.elasticsearch.cluster.service.InternalClusterService$ReconnectToNodes.run(InternalClusterService.java:395)
	at java.util.concurrent.ThreadPoolExecutor$Worker.runTask(ThreadPoolExecutor.java:895)
	at java.util.concurrent.ThreadPoolExecutor$Worker.run(ThreadPoolExecutor.java:918)
	at java.lang.Thread.run(Thread.java:695)
[2015-01-06 07:30:11,391][WARN ][transport.netty          ] [Nuke - Frank Simpson] exception caught on transport layer [[id: 0x4e9b0d33]], closing connection
java.net.SocketException: Network is unreachable
	at sun.nio.ch.Net.connect(Native Method)
	at sun.nio.ch.SocketChannelImpl.connect(SocketChannelImpl.java:532)
	at org.elasticsearch.common.netty.channel.socket.nio.NioClientSocketPipelineSink.connect(NioClientSocketPipelineSink.java:106)
	at org.elasticsearch.common.netty.channel.socket.nio.NioClientSocketPipelineSink.eventSunk(NioClientSocketPipelineSink.java:69)
	at org.elasticsearch.common.netty.channel.DefaultChannelPipeline.sendDownstream(DefaultChannelPipeline.java:570)
	at org.elasticsearch.common.netty.channel.Channels.connect(Channels.java:634)
	at org.elasticsearch.common.netty.channel.AbstractChannel.connect(AbstractChannel.java:207)
	at org.elasticsearch.common.netty.bootstrap.ClientBootstrap.connect(ClientBootstrap.java:229)
	at org.elasticsearch.common.netty.bootstrap.ClientBootstrap.connect(ClientBootstrap.java:182)
	at org.elasticsearch.transport.netty.NettyTransport.connectToChannels(NettyTransport.java:652)
	at org.elasticsearch.transport.netty.NettyTransport.connectToNode(NettyTransport.java:604)
	at org.elasticsearch.transport.netty.NettyTransport.connectToNode(NettyTransport.java:574)
	at org.elasticsearch.transport.TransportService.connectToNode(TransportService.java:127)
	at org.elasticsearch.cluster.service.InternalClusterService$ReconnectToNodes.run(InternalClusterService.java:395)
	at java.util.concurrent.ThreadPoolExecutor$Worker.runTask(ThreadPoolExecutor.java:895)
	at java.util.concurrent.ThreadPoolExecutor$Worker.run(ThreadPoolExecutor.java:918)
	at java.lang.Thread.run(Thread.java:695)
[2015-01-06 07:30:11,428][WARN ][transport.netty          ] [Nuke - Frank Simpson] exception caught on transport layer [[id: 0x8a8b8e85]], closing connection
java.net.SocketException: Network is unreachable
	at sun.nio.ch.Net.connect(Native Method)
	at sun.nio.ch.SocketChannelImpl.connect(SocketChannelImpl.java:532)
	at org.elasticsearch.common.netty.channel.socket.nio.NioClientSocketPipelineSink.connect(NioClientSocketPipelineSink.java:106)
	at org.elasticsearch.common.netty.channel.socket.nio.NioClientSocketPipelineSink.eventSunk(NioClientSocketPipelineSink.java:69)
	at org.elasticsearch.common.netty.channel.DefaultChannelPipeline.sendDownstream(DefaultChannelPipeline.java:570)
	at org.elasticsearch.common.netty.channel.Channels.connect(Channels.java:634)
	at org.elasticsearch.common.netty.channel.AbstractChannel.connect(AbstractChannel.java:207)
	at org.elasticsearch.common.netty.bootstrap.ClientBootstrap.connect(ClientBootstrap.java:229)
	at org.elasticsearch.common.netty.bootstrap.ClientBootstrap.connect(ClientBootstrap.java:182)
	at org.elasticsearch.transport.netty.NettyTransport.connectToChannels(NettyTransport.java:655)
	at org.elasticsearch.transport.netty.NettyTransport.connectToNode(NettyTransport.java:604)
	at org.elasticsearch.transport.netty.NettyTransport.connectToNode(NettyTransport.java:574)
	at org.elasticsearch.transport.TransportService.connectToNode(TransportService.java:127)
	at org.elasticsearch.cluster.service.InternalClusterService$ReconnectToNodes.run(InternalClusterService.java:395)
	at java.util.concurrent.ThreadPoolExecutor$Worker.runTask(ThreadPoolExecutor.java:895)
	at java.util.concurrent.ThreadPoolExecutor$Worker.run(ThreadPoolExecutor.java:918)
	at java.lang.Thread.run(Thread.java:695)
[2015-01-06 07:30:11,430][WARN ][transport.netty          ] [Nuke - Frank Simpson] exception caught on transport layer [[id: 0xf957d4e2]], closing connection
java.net.SocketException: Network is unreachable
	at sun.nio.ch.Net.connect(Native Method)
	at sun.nio.ch.SocketChannelImpl.connect(SocketChannelImpl.java:532)
	at org.elasticsearch.common.netty.channel.socket.nio.NioClientSocketPipelineSink.connect(NioClientSocketPipelineSink.java:106)
	at org.elasticsearch.common.netty.channel.socket.nio.NioClientSocketPipelineSink.eventSunk(NioClientSocketPipelineSink.java:69)
	at org.elasticsearch.common.netty.channel.DefaultChannelPipeline.sendDownstream(DefaultChannelPipeline.java:570)
	at org.elasticsearch.common.netty.channel.Channels.connect(Channels.java:634)
	at org.elasticsearch.common.netty.channel.AbstractChannel.connect(AbstractChannel.java:207)
	at org.elasticsearch.common.netty.bootstrap.ClientBootstrap.connect(ClientBootstrap.java:229)
	at org.elasticsearch.common.netty.bootstrap.ClientBootstrap.connect(ClientBootstrap.java:182)
	at org.elasticsearch.transport.netty.NettyTransport.connectToChannels(NettyTransport.java:655)
	at org.elasticsearch.transport.netty.NettyTransport.connectToNode(NettyTransport.java:604)
	at org.elasticsearch.transport.netty.NettyTransport.connectToNode(NettyTransport.java:574)
	at org.elasticsearch.transport.TransportService.connectToNode(TransportService.java:127)
	at org.elasticsearch.cluster.service.InternalClusterService$ReconnectToNodes.run(InternalClusterService.java:395)
	at java.util.concurrent.ThreadPoolExecutor$Worker.runTask(ThreadPoolExecutor.java:895)
	at java.util.concurrent.ThreadPoolExecutor$Worker.run(ThreadPoolExecutor.java:918)
	at java.lang.Thread.run(Thread.java:695)
[2015-01-06 07:30:11,431][WARN ][transport.netty          ] [Nuke - Frank Simpson] exception caught on transport layer [[id: 0x53f1c3d0]], closing connection
java.net.SocketException: Network is unreachable
	at sun.nio.ch.Net.connect(Native Method)
	at sun.nio.ch.SocketChannelImpl.connect(SocketChannelImpl.java:532)
	at org.elasticsearch.common.netty.channel.socket.nio.NioClientSocketPipelineSink.connect(NioClientSocketPipelineSink.java:106)
	at org.elasticsearch.common.netty.channel.socket.nio.NioClientSocketPipelineSink.eventSunk(NioClientSocketPipelineSink.java:69)
	at org.elasticsearch.common.netty.channel.DefaultChannelPipeline.sendDownstream(DefaultChannelPipeline.java:570)
	at org.elasticsearch.common.netty.channel.Channels.connect(Channels.java:634)
	at org.elasticsearch.common.netty.channel.AbstractChannel.connect(AbstractChannel.java:207)
	at org.elasticsearch.common.netty.bootstrap.ClientBootstrap.connect(ClientBootstrap.java:229)
	at org.elasticsearch.common.netty.bootstrap.ClientBootstrap.connect(ClientBootstrap.java:182)
	at org.elasticsearch.transport.netty.NettyTransport.connectToChannels(NettyTransport.java:655)
	at org.elasticsearch.transport.netty.NettyTransport.connectToNode(NettyTransport.java:604)
	at org.elasticsearch.transport.netty.NettyTransport.connectToNode(NettyTransport.java:574)
	at org.elasticsearch.transport.TransportService.connectToNode(TransportService.java:127)
	at org.elasticsearch.cluster.service.InternalClusterService$ReconnectToNodes.run(InternalClusterService.java:395)
	at java.util.concurrent.ThreadPoolExecutor$Worker.runTask(ThreadPoolExecutor.java:895)
	at java.util.concurrent.ThreadPoolExecutor$Worker.run(ThreadPoolExecutor.java:918)
	at java.lang.Thread.run(Thread.java:695)
[2015-01-06 07:30:11,440][WARN ][transport.netty          ] [Nuke - Frank Simpson] exception caught on transport layer [[id: 0x8b9cf118]], closing connection
java.net.SocketException: Network is unreachable
	at sun.nio.ch.Net.connect(Native Method)
	at sun.nio.ch.SocketChannelImpl.connect(SocketChannelImpl.java:532)
	at org.elasticsearch.common.netty.channel.socket.nio.NioClientSocketPipelineSink.connect(NioClientSocketPipelineSink.java:106)
	at org.elasticsearch.common.netty.channel.socket.nio.NioClientSocketPipelineSink.eventSunk(NioClientSocketPipelineSink.java:69)
	at org.elasticsearch.common.netty.channel.DefaultChannelPipeline.sendDownstream(DefaultChannelPipeline.java:570)
	at org.elasticsearch.common.netty.channel.Channels.connect(Channels.java:634)
	at org.elasticsearch.common.netty.channel.AbstractChannel.connect(AbstractChannel.java:207)
	at org.elasticsearch.common.netty.bootstrap.ClientBootstrap.connect(ClientBootstrap.java:229)
	at org.elasticsearch.common.netty.bootstrap.ClientBootstrap.connect(ClientBootstrap.java:182)
	at org.elasticsearch.transport.netty.NettyTransport.connectToChannels(NettyTransport.java:655)
	at org.elasticsearch.transport.netty.NettyTransport.connectToNode(NettyTransport.java:604)
	at org.elasticsearch.transport.netty.NettyTransport.connectToNode(NettyTransport.java:574)
	at org.elasticsearch.transport.TransportService.connectToNode(TransportService.java:127)
	at org.elasticsearch.cluster.service.InternalClusterService$ReconnectToNodes.run(InternalClusterService.java:395)
	at java.util.concurrent.ThreadPoolExecutor$Worker.runTask(ThreadPoolExecutor.java:895)
	at java.util.concurrent.ThreadPoolExecutor$Worker.run(ThreadPoolExecutor.java:918)
	at java.lang.Thread.run(Thread.java:695)
[2015-01-06 07:30:11,442][WARN ][transport.netty          ] [Nuke - Frank Simpson] exception caught on transport layer [[id: 0xb6e3b103]], closing connection
java.net.SocketException: Network is unreachable
	at sun.nio.ch.Net.connect(Native Method)
	at sun.nio.ch.SocketChannelImpl.connect(SocketChannelImpl.java:532)
	at org.elasticsearch.common.netty.channel.socket.nio.NioClientSocketPipelineSink.connect(NioClientSocketPipelineSink.java:106)
	at org.elasticsearch.common.netty.channel.socket.nio.NioClientSocketPipelineSink.eventSunk(NioClientSocketPipelineSink.java:69)
	at org.elasticsearch.common.netty.channel.DefaultChannelPipeline.sendDownstream(DefaultChannelPipeline.java:570)
	at org.elasticsearch.common.netty.channel.Channels.connect(Channels.java:634)
	at org.elasticsearch.common.netty.channel.AbstractChannel.connect(AbstractChannel.java:207)
	at org.elasticsearch.common.netty.bootstrap.ClientBootstrap.connect(ClientBootstrap.java:229)
	at org.elasticsearch.common.netty.bootstrap.ClientBootstrap.connect(ClientBootstrap.java:182)
	at org.elasticsearch.transport.netty.NettyTransport.connectToChannels(NettyTransport.java:655)
	at org.elasticsearch.transport.netty.NettyTransport.connectToNode(NettyTransport.java:604)
	at org.elasticsearch.transport.netty.NettyTransport.connectToNode(NettyTransport.java:574)
	at org.elasticsearch.transport.TransportService.connectToNode(TransportService.java:127)
	at org.elasticsearch.cluster.service.InternalClusterService$ReconnectToNodes.run(InternalClusterService.java:395)
	at java.util.concurrent.ThreadPoolExecutor$Worker.runTask(ThreadPoolExecutor.java:895)
	at java.util.concurrent.ThreadPoolExecutor$Worker.run(ThreadPoolExecutor.java:918)
	at java.lang.Thread.run(Thread.java:695)
[2015-01-06 07:30:11,445][WARN ][transport.netty          ] [Nuke - Frank Simpson] exception caught on transport layer [[id: 0x53da5a16]], closing connection
java.net.SocketException: Network is unreachable
	at sun.nio.ch.Net.connect(Native Method)
	at sun.nio.ch.SocketChannelImpl.connect(SocketChannelImpl.java:532)
	at org.elasticsearch.common.netty.channel.socket.nio.NioClientSocketPipelineSink.connect(NioClientSocketPipelineSink.java:106)
	at org.elasticsearch.common.netty.channel.socket.nio.NioClientSocketPipelineSink.eventSunk(NioClientSocketPipelineSink.java:69)
	at org.elasticsearch.common.netty.channel.DefaultChannelPipeline.sendDownstream(DefaultChannelPipeline.java:570)
	at org.elasticsearch.common.netty.channel.Channels.connect(Channels.java:634)
	at org.elasticsearch.common.netty.channel.AbstractChannel.connect(AbstractChannel.java:207)
	at org.elasticsearch.common.netty.bootstrap.ClientBootstrap.connect(ClientBootstrap.java:229)
	at org.elasticsearch.common.netty.bootstrap.ClientBootstrap.connect(ClientBootstrap.java:182)
	at org.elasticsearch.transport.netty.NettyTransport.connectToChannels(NettyTransport.java:655)
	at org.elasticsearch.transport.netty.NettyTransport.connectToNode(NettyTransport.java:604)
	at org.elasticsearch.transport.netty.NettyTransport.connectToNode(NettyTransport.java:574)
	at org.elasticsearch.transport.TransportService.connectToNode(TransportService.java:127)
	at org.elasticsearch.cluster.service.InternalClusterService$ReconnectToNodes.run(InternalClusterService.java:395)
	at java.util.concurrent.ThreadPoolExecutor$Worker.runTask(ThreadPoolExecutor.java:895)
	at java.util.concurrent.ThreadPoolExecutor$Worker.run(ThreadPoolExecutor.java:918)
	at java.lang.Thread.run(Thread.java:695)
[2015-01-06 07:30:11,448][WARN ][transport.netty          ] [Nuke - Frank Simpson] exception caught on transport layer [[id: 0x66af1fd8]], closing connection
java.net.SocketException: Network is unreachable
	at sun.nio.ch.Net.connect(Native Method)
	at sun.nio.ch.SocketChannelImpl.connect(SocketChannelImpl.java:532)
	at org.elasticsearch.common.netty.channel.socket.nio.NioClientSocketPipelineSink.connect(NioClientSocketPipelineSink.java:106)
	at org.elasticsearch.common.netty.channel.socket.nio.NioClientSocketPipelineSink.eventSunk(NioClientSocketPipelineSink.java:69)
	at org.elasticsearch.common.netty.channel.DefaultChannelPipeline.sendDownstream(DefaultChannelPipeline.java:570)
	at org.elasticsearch.common.netty.channel.Channels.connect(Channels.java:634)
	at org.elasticsearch.common.netty.channel.AbstractChannel.connect(AbstractChannel.java:207)
	at org.elasticsearch.common.netty.bootstrap.ClientBootstrap.connect(ClientBootstrap.java:229)
	at org.elasticsearch.common.netty.bootstrap.ClientBootstrap.connect(ClientBootstrap.java:182)
	at org.elasticsearch.transport.netty.NettyTransport.connectToChannels(NettyTransport.java:658)
	at org.elasticsearch.transport.netty.NettyTransport.connectToNode(NettyTransport.java:604)
	at org.elasticsearch.transport.netty.NettyTransport.connectToNode(NettyTransport.java:574)
	at org.elasticsearch.transport.TransportService.connectToNode(TransportService.java:127)
	at org.elasticsearch.cluster.service.InternalClusterService$ReconnectToNodes.run(InternalClusterService.java:395)
	at java.util.concurrent.ThreadPoolExecutor$Worker.runTask(ThreadPoolExecutor.java:895)
	at java.util.concurrent.ThreadPoolExecutor$Worker.run(ThreadPoolExecutor.java:918)
	at java.lang.Thread.run(Thread.java:695)
[2015-01-06 07:30:51,484][WARN ][cluster.service          ] [Nuke - Frank Simpson] failed to reconnect to node [Nuke - Frank Simpson][Bouh8eleQ_al0AqM_TjMKQ][inet[/192.168.1.141:9300]]
org.elasticsearch.transport.ConnectTransportException: [Nuke - Frank Simpson][inet[/192.168.1.141:9300]] connect_timeout[30s]
	at org.elasticsearch.transport.netty.NettyTransport.connectToChannels(NettyTransport.java:665)
	at org.elasticsearch.transport.netty.NettyTransport.connectToNode(NettyTransport.java:604)
	at org.elasticsearch.transport.netty.NettyTransport.connectToNode(NettyTransport.java:574)
	at org.elasticsearch.transport.TransportService.connectToNode(TransportService.java:127)
	at org.elasticsearch.cluster.service.InternalClusterService$ReconnectToNodes.run(InternalClusterService.java:395)
	at java.util.concurrent.ThreadPoolExecutor$Worker.runTask(ThreadPoolExecutor.java:895)
	at java.util.concurrent.ThreadPoolExecutor$Worker.run(ThreadPoolExecutor.java:918)
	at java.lang.Thread.run(Thread.java:695)
Caused by: java.net.ConnectException: connection timed out
	at org.elasticsearch.common.netty.channel.socket.nio.NioClientBoss.processConnectTimeout(NioClientBoss.java:136)
	at org.elasticsearch.common.netty.channel.socket.nio.NioClientBoss.process(NioClientBoss.java:82)
	at org.elasticsearch.common.netty.channel.socket.nio.AbstractNioSelector.run(AbstractNioSelector.java:313)
	at org.elasticsearch.common.netty.channel.socket.nio.NioClientBoss.run(NioClientBoss.java:41)
	at org.elasticsearch.common.netty.util.ThreadRenamingRunnable.run(ThreadRenamingRunnable.java:108)
	at org.elasticsearch.common.netty.util.internal.DeadLockProofWorker$1.run(DeadLockProofWorker.java:42)
	... 3 more
[2015-01-06 08:17:42,967][WARN ][transport.netty          ] [Nuke - Frank Simpson] exception caught on transport layer [[id: 0x51aa0ea6]], closing connection
java.net.SocketException: Network is unreachable
	at sun.nio.ch.Net.connect(Native Method)
	at sun.nio.ch.SocketChannelImpl.connect(SocketChannelImpl.java:532)
	at org.elasticsearch.common.netty.channel.socket.nio.NioClientSocketPipelineSink.connect(NioClientSocketPipelineSink.java:106)
	at org.elasticsearch.common.netty.channel.socket.nio.NioClientSocketPipelineSink.eventSunk(NioClientSocketPipelineSink.java:69)
	at org.elasticsearch.common.netty.channel.DefaultChannelPipeline.sendDownstream(DefaultChannelPipeline.java:570)
	at org.elasticsearch.common.netty.channel.Channels.connect(Channels.java:634)
	at org.elasticsearch.common.netty.channel.AbstractChannel.connect(AbstractChannel.java:207)
	at org.elasticsearch.common.netty.bootstrap.ClientBootstrap.connect(ClientBootstrap.java:229)
	at org.elasticsearch.common.netty.bootstrap.ClientBootstrap.connect(ClientBootstrap.java:182)
	at org.elasticsearch.transport.netty.NettyTransport.connectToChannels(NettyTransport.java:652)
	at org.elasticsearch.transport.netty.NettyTransport.connectToNode(NettyTransport.java:604)
	at org.elasticsearch.transport.netty.NettyTransport.connectToNode(NettyTransport.java:574)
	at org.elasticsearch.transport.TransportService.connectToNode(TransportService.java:127)
	at org.elasticsearch.cluster.service.InternalClusterService$ReconnectToNodes.run(InternalClusterService.java:395)
	at java.util.concurrent.ThreadPoolExecutor$Worker.runTask(ThreadPoolExecutor.java:895)
	at java.util.concurrent.ThreadPoolExecutor$Worker.run(ThreadPoolExecutor.java:918)
	at java.lang.Thread.run(Thread.java:695)
[2015-01-06 08:17:42,968][WARN ][transport.netty          ] [Nuke - Frank Simpson] exception caught on transport layer [[id: 0xfc769f71]], closing connection
java.net.SocketException: Network is unreachable
	at sun.nio.ch.Net.connect(Native Method)
	at sun.nio.ch.SocketChannelImpl.connect(SocketChannelImpl.java:532)
	at org.elasticsearch.common.netty.channel.socket.nio.NioClientSocketPipelineSink.connect(NioClientSocketPipelineSink.java:106)
	at org.elasticsearch.common.netty.channel.socket.nio.NioClientSocketPipelineSink.eventSunk(NioClientSocketPipelineSink.java:69)
	at org.elasticsearch.common.netty.channel.DefaultChannelPipeline.sendDownstream(DefaultChannelPipeline.java:570)
	at org.elasticsearch.common.netty.channel.Channels.connect(Channels.java:634)
	at org.elasticsearch.common.netty.channel.AbstractChannel.connect(AbstractChannel.java:207)
	at org.elasticsearch.common.netty.bootstrap.ClientBootstrap.connect(ClientBootstrap.java:229)
	at org.elasticsearch.common.netty.bootstrap.ClientBootstrap.connect(ClientBootstrap.java:182)
	at org.elasticsearch.transport.netty.NettyTransport.connectToChannels(NettyTransport.java:652)
	at org.elasticsearch.transport.netty.NettyTransport.connectToNode(NettyTransport.java:604)
	at org.elasticsearch.transport.netty.NettyTransport.connectToNode(NettyTransport.java:574)
	at org.elasticsearch.transport.TransportService.connectToNode(TransportService.java:127)
	at org.elasticsearch.cluster.service.InternalClusterService$ReconnectToNodes.run(InternalClusterService.java:395)
	at java.util.concurrent.ThreadPoolExecutor$Worker.runTask(ThreadPoolExecutor.java:895)
	at java.util.concurrent.ThreadPoolExecutor$Worker.run(ThreadPoolExecutor.java:918)
	at java.lang.Thread.run(Thread.java:695)
[2015-01-06 08:17:42,969][WARN ][transport.netty          ] [Nuke - Frank Simpson] exception caught on transport layer [[id: 0x317d512f]], closing connection
java.net.SocketException: Network is unreachable
	at sun.nio.ch.Net.connect(Native Method)
	at sun.nio.ch.SocketChannelImpl.connect(SocketChannelImpl.java:532)
	at org.elasticsearch.common.netty.channel.socket.nio.NioClientSocketPipelineSink.connect(NioClientSocketPipelineSink.java:106)
	at org.elasticsearch.common.netty.channel.socket.nio.NioClientSocketPipelineSink.eventSunk(NioClientSocketPipelineSink.java:69)
	at org.elasticsearch.common.netty.channel.DefaultChannelPipeline.sendDownstream(DefaultChannelPipeline.java:570)
	at org.elasticsearch.common.netty.channel.Channels.connect(Channels.java:634)
	at org.elasticsearch.common.netty.channel.AbstractChannel.connect(AbstractChannel.java:207)
	at org.elasticsearch.common.netty.bootstrap.ClientBootstrap.connect(ClientBootstrap.java:229)
	at org.elasticsearch.common.netty.bootstrap.ClientBootstrap.connect(ClientBootstrap.java:182)
	at org.elasticsearch.transport.netty.NettyTransport.connectToChannels(NettyTransport.java:655)
	at org.elasticsearch.transport.netty.NettyTransport.connectToNode(NettyTransport.java:604)
	at org.elasticsearch.transport.netty.NettyTransport.connectToNode(NettyTransport.java:574)
	at org.elasticsearch.transport.TransportService.connectToNode(TransportService.java:127)
	at org.elasticsearch.cluster.service.InternalClusterService$ReconnectToNodes.run(InternalClusterService.java:395)
	at java.util.concurrent.ThreadPoolExecutor$Worker.runTask(ThreadPoolExecutor.java:895)
	at java.util.concurrent.ThreadPoolExecutor$Worker.run(ThreadPoolExecutor.java:918)
	at java.lang.Thread.run(Thread.java:695)
[2015-01-06 08:17:42,970][WARN ][transport.netty          ] [Nuke - Frank Simpson] exception caught on transport layer [[id: 0x56f731d5]], closing connection
java.net.SocketException: Network is unreachable
	at sun.nio.ch.Net.connect(Native Method)
	at sun.nio.ch.SocketChannelImpl.connect(SocketChannelImpl.java:532)
	at org.elasticsearch.common.netty.channel.socket.nio.NioClientSocketPipelineSink.connect(NioClientSocketPipelineSink.java:106)
	at org.elasticsearch.common.netty.channel.socket.nio.NioClientSocketPipelineSink.eventSunk(NioClientSocketPipelineSink.java:69)
	at org.elasticsearch.common.netty.channel.DefaultChannelPipeline.sendDownstream(DefaultChannelPipeline.java:570)
	at org.elasticsearch.common.netty.channel.Channels.connect(Channels.java:634)
	at org.elasticsearch.common.netty.channel.AbstractChannel.connect(AbstractChannel.java:207)
	at org.elasticsearch.common.netty.bootstrap.ClientBootstrap.connect(ClientBootstrap.java:229)
	at org.elasticsearch.common.netty.bootstrap.ClientBootstrap.connect(ClientBootstrap.java:182)
	at org.elasticsearch.transport.netty.NettyTransport.connectToChannels(NettyTransport.java:655)
	at org.elasticsearch.transport.netty.NettyTransport.connectToNode(NettyTransport.java:604)
	at org.elasticsearch.transport.netty.NettyTransport.connectToNode(NettyTransport.java:574)
	at org.elasticsearch.transport.TransportService.connectToNode(TransportService.java:127)
	at org.elasticsearch.cluster.service.InternalClusterService$ReconnectToNodes.run(InternalClusterService.java:395)
	at java.util.concurrent.ThreadPoolExecutor$Worker.runTask(ThreadPoolExecutor.java:895)
	at java.util.concurrent.ThreadPoolExecutor$Worker.run(ThreadPoolExecutor.java:918)
	at java.lang.Thread.run(Thread.java:695)
[2015-01-06 08:17:42,970][WARN ][transport.netty          ] [Nuke - Frank Simpson] exception caught on transport layer [[id: 0x0dc3af38]], closing connection
java.net.SocketException: Network is unreachable
	at sun.nio.ch.Net.connect(Native Method)
	at sun.nio.ch.SocketChannelImpl.connect(SocketChannelImpl.java:532)
	at org.elasticsearch.common.netty.channel.socket.nio.NioClientSocketPipelineSink.connect(NioClientSocketPipelineSink.java:106)
	at org.elasticsearch.common.netty.channel.socket.nio.NioClientSocketPipelineSink.eventSunk(NioClientSocketPipelineSink.java:69)
	at org.elasticsearch.common.netty.channel.DefaultChannelPipeline.sendDownstream(DefaultChannelPipeline.java:570)
	at org.elasticsearch.common.netty.channel.Channels.connect(Channels.java:634)
	at org.elasticsearch.common.netty.channel.AbstractChannel.connect(AbstractChannel.java:207)
	at org.elasticsearch.common.netty.bootstrap.ClientBootstrap.connect(ClientBootstrap.java:229)
	at org.elasticsearch.common.netty.bootstrap.ClientBootstrap.connect(ClientBootstrap.java:182)
	at org.elasticsearch.transport.netty.NettyTransport.connectToChannels(NettyTransport.java:655)
	at org.elasticsearch.transport.netty.NettyTransport.connectToNode(NettyTransport.java:604)
	at org.elasticsearch.transport.netty.NettyTransport.connectToNode(NettyTransport.java:574)
	at org.elasticsearch.transport.TransportService.connectToNode(TransportService.java:127)
	at org.elasticsearch.cluster.service.InternalClusterService$ReconnectToNodes.run(InternalClusterService.java:395)
	at java.util.concurrent.ThreadPoolExecutor$Worker.runTask(ThreadPoolExecutor.java:895)
	at java.util.concurrent.ThreadPoolExecutor$Worker.run(ThreadPoolExecutor.java:918)
	at java.lang.Thread.run(Thread.java:695)
[2015-01-06 08:17:42,971][WARN ][transport.netty          ] [Nuke - Frank Simpson] exception caught on transport layer [[id: 0x7677b6d8]], closing connection
java.net.SocketException: Network is unreachable
	at sun.nio.ch.Net.connect(Native Method)
	at sun.nio.ch.SocketChannelImpl.connect(SocketChannelImpl.java:532)
	at org.elasticsearch.common.netty.channel.socket.nio.NioClientSocketPipelineSink.connect(NioClientSocketPipelineSink.java:106)
	at org.elasticsearch.common.netty.channel.socket.nio.NioClientSocketPipelineSink.eventSunk(NioClientSocketPipelineSink.java:69)
	at org.elasticsearch.common.netty.channel.DefaultChannelPipeline.sendDownstream(DefaultChannelPipeline.java:570)
	at org.elasticsearch.common.netty.channel.Channels.connect(Channels.java:634)
	at org.elasticsearch.common.netty.channel.AbstractChannel.connect(AbstractChannel.java:207)
	at org.elasticsearch.common.netty.bootstrap.ClientBootstrap.connect(ClientBootstrap.java:229)
	at org.elasticsearch.common.netty.bootstrap.ClientBootstrap.connect(ClientBootstrap.java:182)
	at org.elasticsearch.transport.netty.NettyTransport.connectToChannels(NettyTransport.java:655)
	at org.elasticsearch.transport.netty.NettyTransport.connectToNode(NettyTransport.java:604)
	at org.elasticsearch.transport.netty.NettyTransport.connectToNode(NettyTransport.java:574)
	at org.elasticsearch.transport.TransportService.connectToNode(TransportService.java:127)
	at org.elasticsearch.cluster.service.InternalClusterService$ReconnectToNodes.run(InternalClusterService.java:395)
	at java.util.concurrent.ThreadPoolExecutor$Worker.runTask(ThreadPoolExecutor.java:895)
	at java.util.concurrent.ThreadPoolExecutor$Worker.run(ThreadPoolExecutor.java:918)
	at java.lang.Thread.run(Thread.java:695)
[2015-01-06 08:17:42,972][WARN ][transport.netty          ] [Nuke - Frank Simpson] exception caught on transport layer [[id: 0x329933a1]], closing connection
java.net.SocketException: Network is unreachable
	at sun.nio.ch.Net.connect(Native Method)
	at sun.nio.ch.SocketChannelImpl.connect(SocketChannelImpl.java:532)
	at org.elasticsearch.common.netty.channel.socket.nio.NioClientSocketPipelineSink.connect(NioClientSocketPipelineSink.java:106)
	at org.elasticsearch.common.netty.channel.socket.nio.NioClientSocketPipelineSink.eventSunk(NioClientSocketPipelineSink.java:69)
	at org.elasticsearch.common.netty.channel.DefaultChannelPipeline.sendDownstream(DefaultChannelPipeline.java:570)
	at org.elasticsearch.common.netty.channel.Channels.connect(Channels.java:634)
	at org.elasticsearch.common.netty.channel.AbstractChannel.connect(AbstractChannel.java:207)
	at org.elasticsearch.common.netty.bootstrap.ClientBootstrap.connect(ClientBootstrap.java:229)
	at org.elasticsearch.common.netty.bootstrap.ClientBootstrap.connect(ClientBootstrap.java:182)
	at org.elasticsearch.transport.netty.NettyTransport.connectToChannels(NettyTransport.java:655)
	at org.elasticsearch.transport.netty.NettyTransport.connectToNode(NettyTransport.java:604)
	at org.elasticsearch.transport.netty.NettyTransport.connectToNode(NettyTransport.java:574)
	at org.elasticsearch.transport.TransportService.connectToNode(TransportService.java:127)
	at org.elasticsearch.cluster.service.InternalClusterService$ReconnectToNodes.run(InternalClusterService.java:395)
	at java.util.concurrent.ThreadPoolExecutor$Worker.runTask(ThreadPoolExecutor.java:895)
	at java.util.concurrent.ThreadPoolExecutor$Worker.run(ThreadPoolExecutor.java:918)
	at java.lang.Thread.run(Thread.java:695)
[2015-01-06 08:17:42,972][WARN ][transport.netty          ] [Nuke - Frank Simpson] exception caught on transport layer [[id: 0x8539b038]], closing connection
java.net.SocketException: Network is unreachable
	at sun.nio.ch.Net.connect(Native Method)
	at sun.nio.ch.SocketChannelImpl.connect(SocketChannelImpl.java:532)
	at org.elasticsearch.common.netty.channel.socket.nio.NioClientSocketPipelineSink.connect(NioClientSocketPipelineSink.java:106)
	at org.elasticsearch.common.netty.channel.socket.nio.NioClientSocketPipelineSink.eventSunk(NioClientSocketPipelineSink.java:69)
	at org.elasticsearch.common.netty.channel.DefaultChannelPipeline.sendDownstream(DefaultChannelPipeline.java:570)
	at org.elasticsearch.common.netty.channel.Channels.connect(Channels.java:634)
	at org.elasticsearch.common.netty.channel.AbstractChannel.connect(AbstractChannel.java:207)
	at org.elasticsearch.common.netty.bootstrap.ClientBootstrap.connect(ClientBootstrap.java:229)
	at org.elasticsearch.common.netty.bootstrap.ClientBootstrap.connect(ClientBootstrap.java:182)
	at org.elasticsearch.transport.netty.NettyTransport.connectToChannels(NettyTransport.java:655)
	at org.elasticsearch.transport.netty.NettyTransport.connectToNode(NettyTransport.java:604)
	at org.elasticsearch.transport.netty.NettyTransport.connectToNode(NettyTransport.java:574)
	at org.elasticsearch.transport.TransportService.connectToNode(TransportService.java:127)
	at org.elasticsearch.cluster.service.InternalClusterService$ReconnectToNodes.run(InternalClusterService.java:395)
	at java.util.concurrent.ThreadPoolExecutor$Worker.runTask(ThreadPoolExecutor.java:895)
	at java.util.concurrent.ThreadPoolExecutor$Worker.run(ThreadPoolExecutor.java:918)
	at java.lang.Thread.run(Thread.java:695)
[2015-01-06 08:17:42,973][WARN ][transport.netty          ] [Nuke - Frank Simpson] exception caught on transport layer [[id: 0x3652a154]], closing connection
java.net.SocketException: Network is unreachable
	at sun.nio.ch.Net.connect(Native Method)
	at sun.nio.ch.SocketChannelImpl.connect(SocketChannelImpl.java:532)
	at org.elasticsearch.common.netty.channel.socket.nio.NioClientSocketPipelineSink.connect(NioClientSocketPipelineSink.java:106)
	at org.elasticsearch.common.netty.channel.socket.nio.NioClientSocketPipelineSink.eventSunk(NioClientSocketPipelineSink.java:69)
	at org.elasticsearch.common.netty.channel.DefaultChannelPipeline.sendDownstream(DefaultChannelPipeline.java:570)
	at org.elasticsearch.common.netty.channel.Channels.connect(Channels.java:634)
	at org.elasticsearch.common.netty.channel.AbstractChannel.connect(AbstractChannel.java:207)
	at org.elasticsearch.common.netty.bootstrap.ClientBootstrap.connect(ClientBootstrap.java:229)
	at org.elasticsearch.common.netty.bootstrap.ClientBootstrap.connect(ClientBootstrap.java:182)
	at org.elasticsearch.transport.netty.NettyTransport.connectToChannels(NettyTransport.java:658)
	at org.elasticsearch.transport.netty.NettyTransport.connectToNode(NettyTransport.java:604)
	at org.elasticsearch.transport.netty.NettyTransport.connectToNode(NettyTransport.java:574)
	at org.elasticsearch.transport.TransportService.connectToNode(TransportService.java:127)
	at org.elasticsearch.cluster.service.InternalClusterService$ReconnectToNodes.run(InternalClusterService.java:395)
	at java.util.concurrent.ThreadPoolExecutor$Worker.runTask(ThreadPoolExecutor.java:895)
	at java.util.concurrent.ThreadPoolExecutor$Worker.run(ThreadPoolExecutor.java:918)
	at java.lang.Thread.run(Thread.java:695)
[2015-01-06 08:17:52,975][WARN ][transport.netty          ] [Nuke - Frank Simpson] exception caught on transport layer [[id: 0xc972a6e7]], closing connection
java.net.SocketException: Network is unreachable
	at sun.nio.ch.Net.connect(Native Method)
	at sun.nio.ch.SocketChannelImpl.connect(SocketChannelImpl.java:532)
	at org.elasticsearch.common.netty.channel.socket.nio.NioClientSocketPipelineSink.connect(NioClientSocketPipelineSink.java:106)
	at org.elasticsearch.common.netty.channel.socket.nio.NioClientSocketPipelineSink.eventSunk(NioClientSocketPipelineSink.java:69)
	at org.elasticsearch.common.netty.channel.DefaultChannelPipeline.sendDownstream(DefaultChannelPipeline.java:570)
	at org.elasticsearch.common.netty.channel.Channels.connect(Channels.java:634)
	at org.elasticsearch.common.netty.channel.AbstractChannel.connect(AbstractChannel.java:207)
	at org.elasticsearch.common.netty.bootstrap.ClientBootstrap.connect(ClientBootstrap.java:229)
	at org.elasticsearch.common.netty.bootstrap.ClientBootstrap.connect(ClientBootstrap.java:182)
	at org.elasticsearch.transport.netty.NettyTransport.connectToChannels(NettyTransport.java:652)
	at org.elasticsearch.transport.netty.NettyTransport.connectToNode(NettyTransport.java:604)
	at org.elasticsearch.transport.netty.NettyTransport.connectToNode(NettyTransport.java:574)
	at org.elasticsearch.transport.TransportService.connectToNode(TransportService.java:127)
	at org.elasticsearch.cluster.service.InternalClusterService$ReconnectToNodes.run(InternalClusterService.java:395)
	at java.util.concurrent.ThreadPoolExecutor$Worker.runTask(ThreadPoolExecutor.java:895)
	at java.util.concurrent.ThreadPoolExecutor$Worker.run(ThreadPoolExecutor.java:918)
	at java.lang.Thread.run(Thread.java:695)
[2015-01-06 08:17:52,976][WARN ][transport.netty          ] [Nuke - Frank Simpson] exception caught on transport layer [[id: 0xfeb85804]], closing connection
java.net.SocketException: Network is unreachable
	at sun.nio.ch.Net.connect(Native Method)
	at sun.nio.ch.SocketChannelImpl.connect(SocketChannelImpl.java:532)
	at org.elasticsearch.common.netty.channel.socket.nio.NioClientSocketPipelineSink.connect(NioClientSocketPipelineSink.java:106)
	at org.elasticsearch.common.netty.channel.socket.nio.NioClientSocketPipelineSink.eventSunk(NioClientSocketPipelineSink.java:69)
	at org.elasticsearch.common.netty.channel.DefaultChannelPipeline.sendDownstream(DefaultChannelPipeline.java:570)
	at org.elasticsearch.common.netty.channel.Channels.connect(Channels.java:634)
	at org.elasticsearch.common.netty.channel.AbstractChannel.connect(AbstractChannel.java:207)
	at org.elasticsearch.common.netty.bootstrap.ClientBootstrap.connect(ClientBootstrap.java:229)
	at org.elasticsearch.common.netty.bootstrap.ClientBootstrap.connect(ClientBootstrap.java:182)
	at org.elasticsearch.transport.netty.NettyTransport.connectToChannels(NettyTransport.java:652)
	at org.elasticsearch.transport.netty.NettyTransport.connectToNode(NettyTransport.java:604)
	at org.elasticsearch.transport.netty.NettyTransport.connectToNode(NettyTransport.java:574)
	at org.elasticsearch.transport.TransportService.connectToNode(TransportService.java:127)
	at org.elasticsearch.cluster.service.InternalClusterService$ReconnectToNodes.run(InternalClusterService.java:395)
	at java.util.concurrent.ThreadPoolExecutor$Worker.runTask(ThreadPoolExecutor.java:895)
	at java.util.concurrent.ThreadPoolExecutor$Worker.run(ThreadPoolExecutor.java:918)
	at java.lang.Thread.run(Thread.java:695)
[2015-01-06 08:17:52,977][WARN ][transport.netty          ] [Nuke - Frank Simpson] exception caught on transport layer [[id: 0x3080ad58]], closing connection
java.net.SocketException: Network is unreachable
	at sun.nio.ch.Net.connect(Native Method)
	at sun.nio.ch.SocketChannelImpl.connect(SocketChannelImpl.java:532)
	at org.elasticsearch.common.netty.channel.socket.nio.NioClientSocketPipelineSink.connect(NioClientSocketPipelineSink.java:106)
	at org.elasticsearch.common.netty.channel.socket.nio.NioClientSocketPipelineSink.eventSunk(NioClientSocketPipelineSink.java:69)
	at org.elasticsearch.common.netty.channel.DefaultChannelPipeline.sendDownstream(DefaultChannelPipeline.java:570)
	at org.elasticsearch.common.netty.channel.Channels.connect(Channels.java:634)
	at org.elasticsearch.common.netty.channel.AbstractChannel.connect(AbstractChannel.java:207)
	at org.elasticsearch.common.netty.bootstrap.ClientBootstrap.connect(ClientBootstrap.java:229)
	at org.elasticsearch.common.netty.bootstrap.ClientBootstrap.connect(ClientBootstrap.java:182)
	at org.elasticsearch.transport.netty.NettyTransport.connectToChannels(NettyTransport.java:655)
	at org.elasticsearch.transport.netty.NettyTransport.connectToNode(NettyTransport.java:604)
	at org.elasticsearch.transport.netty.NettyTransport.connectToNode(NettyTransport.java:574)
	at org.elasticsearch.transport.TransportService.connectToNode(TransportService.java:127)
	at org.elasticsearch.cluster.service.InternalClusterService$ReconnectToNodes.run(InternalClusterService.java:395)
	at java.util.concurrent.ThreadPoolExecutor$Worker.runTask(ThreadPoolExecutor.java:895)
	at java.util.concurrent.ThreadPoolExecutor$Worker.run(ThreadPoolExecutor.java:918)
	at java.lang.Thread.run(Thread.java:695)
[2015-01-06 08:17:52,979][WARN ][transport.netty          ] [Nuke - Frank Simpson] exception caught on transport layer [[id: 0x05e9401d]], closing connection
java.net.SocketException: Network is unreachable
	at sun.nio.ch.Net.connect(Native Method)
	at sun.nio.ch.SocketChannelImpl.connect(SocketChannelImpl.java:532)
	at org.elasticsearch.common.netty.channel.socket.nio.NioClientSocketPipelineSink.connect(NioClientSocketPipelineSink.java:106)
	at org.elasticsearch.common.netty.channel.socket.nio.NioClientSocketPipelineSink.eventSunk(NioClientSocketPipelineSink.java:69)
	at org.elasticsearch.common.netty.channel.DefaultChannelPipeline.sendDownstream(DefaultChannelPipeline.java:570)
	at org.elasticsearch.common.netty.channel.Channels.connect(Channels.java:634)
	at org.elasticsearch.common.netty.channel.AbstractChannel.connect(AbstractChannel.java:207)
	at org.elasticsearch.common.netty.bootstrap.ClientBootstrap.connect(ClientBootstrap.java:229)
	at org.elasticsearch.common.netty.bootstrap.ClientBootstrap.connect(ClientBootstrap.java:182)
	at org.elasticsearch.transport.netty.NettyTransport.connectToChannels(NettyTransport.java:655)
	at org.elasticsearch.transport.netty.NettyTransport.connectToNode(NettyTransport.java:604)
	at org.elasticsearch.transport.netty.NettyTransport.connectToNode(NettyTransport.java:574)
	at org.elasticsearch.transport.TransportService.connectToNode(TransportService.java:127)
	at org.elasticsearch.cluster.service.InternalClusterService$ReconnectToNodes.run(InternalClusterService.java:395)
	at java.util.concurrent.ThreadPoolExecutor$Worker.runTask(ThreadPoolExecutor.java:895)
	at java.util.concurrent.ThreadPoolExecutor$Worker.run(ThreadPoolExecutor.java:918)
	at java.lang.Thread.run(Thread.java:695)
[2015-01-06 08:17:52,980][WARN ][transport.netty          ] [Nuke - Frank Simpson] exception caught on transport layer [[id: 0x7d66c4c4]], closing connection
java.net.SocketException: Network is unreachable
	at sun.nio.ch.Net.connect(Native Method)
	at sun.nio.ch.SocketChannelImpl.connect(SocketChannelImpl.java:532)
	at org.elasticsearch.common.netty.channel.socket.nio.NioClientSocketPipelineSink.connect(NioClientSocketPipelineSink.java:106)
	at org.elasticsearch.common.netty.channel.socket.nio.NioClientSocketPipelineSink.eventSunk(NioClientSocketPipelineSink.java:69)
	at org.elasticsearch.common.netty.channel.DefaultChannelPipeline.sendDownstream(DefaultChannelPipeline.java:570)
	at org.elasticsearch.common.netty.channel.Channels.connect(Channels.java:634)
	at org.elasticsearch.common.netty.channel.AbstractChannel.connect(AbstractChannel.java:207)
	at org.elasticsearch.common.netty.bootstrap.ClientBootstrap.connect(ClientBootstrap.java:229)
	at org.elasticsearch.common.netty.bootstrap.ClientBootstrap.connect(ClientBootstrap.java:182)
	at org.elasticsearch.transport.netty.NettyTransport.connectToChannels(NettyTransport.java:655)
	at org.elasticsearch.transport.netty.NettyTransport.connectToNode(NettyTransport.java:604)
	at org.elasticsearch.transport.netty.NettyTransport.connectToNode(NettyTransport.java:574)
	at org.elasticsearch.transport.TransportService.connectToNode(TransportService.java:127)
	at org.elasticsearch.cluster.service.InternalClusterService$ReconnectToNodes.run(InternalClusterService.java:395)
	at java.util.concurrent.ThreadPoolExecutor$Worker.runTask(ThreadPoolExecutor.java:895)
	at java.util.concurrent.ThreadPoolExecutor$Worker.run(ThreadPoolExecutor.java:918)
	at java.lang.Thread.run(Thread.java:695)
[2015-01-06 08:17:52,980][WARN ][transport.netty          ] [Nuke - Frank Simpson] exception caught on transport layer [[id: 0xe65110bb]], closing connection
java.net.SocketException: Network is unreachable
	at sun.nio.ch.Net.connect(Native Method)
	at sun.nio.ch.SocketChannelImpl.connect(SocketChannelImpl.java:532)
	at org.elasticsearch.common.netty.channel.socket.nio.NioClientSocketPipelineSink.connect(NioClientSocketPipelineSink.java:106)
	at org.elasticsearch.common.netty.channel.socket.nio.NioClientSocketPipelineSink.eventSunk(NioClientSocketPipelineSink.java:69)
	at org.elasticsearch.common.netty.channel.DefaultChannelPipeline.sendDownstream(DefaultChannelPipeline.java:570)
	at org.elasticsearch.common.netty.channel.Channels.connect(Channels.java:634)
	at org.elasticsearch.common.netty.channel.AbstractChannel.connect(AbstractChannel.java:207)
	at org.elasticsearch.common.netty.bootstrap.ClientBootstrap.connect(ClientBootstrap.java:229)
	at org.elasticsearch.common.netty.bootstrap.ClientBootstrap.connect(ClientBootstrap.java:182)
	at org.elasticsearch.transport.netty.NettyTransport.connectToChannels(NettyTransport.java:655)
	at org.elasticsearch.transport.netty.NettyTransport.connectToNode(NettyTransport.java:604)
	at org.elasticsearch.transport.netty.NettyTransport.connectToNode(NettyTransport.java:574)
	at org.elasticsearch.transport.TransportService.connectToNode(TransportService.java:127)
	at org.elasticsearch.cluster.service.InternalClusterService$ReconnectToNodes.run(InternalClusterService.java:395)
	at java.util.concurrent.ThreadPoolExecutor$Worker.runTask(ThreadPoolExecutor.java:895)
	at java.util.concurrent.ThreadPoolExecutor$Worker.run(ThreadPoolExecutor.java:918)
	at java.lang.Thread.run(Thread.java:695)
[2015-01-06 08:17:52,981][WARN ][transport.netty          ] [Nuke - Frank Simpson] exception caught on transport layer [[id: 0x7003148e]], closing connection
java.net.SocketException: Network is unreachable
	at sun.nio.ch.Net.connect(Native Method)
	at sun.nio.ch.SocketChannelImpl.connect(SocketChannelImpl.java:532)
	at org.elasticsearch.common.netty.channel.socket.nio.NioClientSocketPipelineSink.connect(NioClientSocketPipelineSink.java:106)
	at org.elasticsearch.common.netty.channel.socket.nio.NioClientSocketPipelineSink.eventSunk(NioClientSocketPipelineSink.java:69)
	at org.elasticsearch.common.netty.channel.DefaultChannelPipeline.sendDownstream(DefaultChannelPipeline.java:570)
	at org.elasticsearch.common.netty.channel.Channels.connect(Channels.java:634)
	at org.elasticsearch.common.netty.channel.AbstractChannel.connect(AbstractChannel.java:207)
	at org.elasticsearch.common.netty.bootstrap.ClientBootstrap.connect(ClientBootstrap.java:229)
	at org.elasticsearch.common.netty.bootstrap.ClientBootstrap.connect(ClientBootstrap.java:182)
	at org.elasticsearch.transport.netty.NettyTransport.connectToChannels(NettyTransport.java:655)
	at org.elasticsearch.transport.netty.NettyTransport.connectToNode(NettyTransport.java:604)
	at org.elasticsearch.transport.netty.NettyTransport.connectToNode(NettyTransport.java:574)
	at org.elasticsearch.transport.TransportService.connectToNode(TransportService.java:127)
	at org.elasticsearch.cluster.service.InternalClusterService$ReconnectToNodes.run(InternalClusterService.java:395)
	at java.util.concurrent.ThreadPoolExecutor$Worker.runTask(ThreadPoolExecutor.java:895)
	at java.util.concurrent.ThreadPoolExecutor$Worker.run(ThreadPoolExecutor.java:918)
	at java.lang.Thread.run(Thread.java:695)
[2015-01-06 08:17:52,982][WARN ][transport.netty          ] [Nuke - Frank Simpson] exception caught on transport layer [[id: 0x14f2b3b1]], closing connection
java.net.SocketException: Network is unreachable
	at sun.nio.ch.Net.connect(Native Method)
	at sun.nio.ch.SocketChannelImpl.connect(SocketChannelImpl.java:532)
	at org.elasticsearch.common.netty.channel.socket.nio.NioClientSocketPipelineSink.connect(NioClientSocketPipelineSink.java:106)
	at org.elasticsearch.common.netty.channel.socket.nio.NioClientSocketPipelineSink.eventSunk(NioClientSocketPipelineSink.java:69)
	at org.elasticsearch.common.netty.channel.DefaultChannelPipeline.sendDownstream(DefaultChannelPipeline.java:570)
	at org.elasticsearch.common.netty.channel.Channels.connect(Channels.java:634)
	at org.elasticsearch.common.netty.channel.AbstractChannel.connect(AbstractChannel.java:207)
	at org.elasticsearch.common.netty.bootstrap.ClientBootstrap.connect(ClientBootstrap.java:229)
	at org.elasticsearch.common.netty.bootstrap.ClientBootstrap.connect(ClientBootstrap.java:182)
	at org.elasticsearch.transport.netty.NettyTransport.connectToChannels(NettyTransport.java:655)
	at org.elasticsearch.transport.netty.NettyTransport.connectToNode(NettyTransport.java:604)
	at org.elasticsearch.transport.netty.NettyTransport.connectToNode(NettyTransport.java:574)
	at org.elasticsearch.transport.TransportService.connectToNode(TransportService.java:127)
	at org.elasticsearch.cluster.service.InternalClusterService$ReconnectToNodes.run(InternalClusterService.java:395)
	at java.util.concurrent.ThreadPoolExecutor$Worker.runTask(ThreadPoolExecutor.java:895)
	at java.util.concurrent.ThreadPoolExecutor$Worker.run(ThreadPoolExecutor.java:918)
	at java.lang.Thread.run(Thread.java:695)
[2015-01-06 08:17:52,983][WARN ][transport.netty          ] [Nuke - Frank Simpson] exception caught on transport layer [[id: 0x33119b35]], closing connection
java.net.SocketException: Network is unreachable
	at sun.nio.ch.Net.connect(Native Method)
	at sun.nio.ch.SocketChannelImpl.connect(SocketChannelImpl.java:532)
	at org.elasticsearch.common.netty.channel.socket.nio.NioClientSocketPipelineSink.connect(NioClientSocketPipelineSink.java:106)
	at org.elasticsearch.common.netty.channel.socket.nio.NioClientSocketPipelineSink.eventSunk(NioClientSocketPipelineSink.java:69)
	at org.elasticsearch.common.netty.channel.DefaultChannelPipeline.sendDownstream(DefaultChannelPipeline.java:570)
	at org.elasticsearch.common.netty.channel.Channels.connect(Channels.java:634)
	at org.elasticsearch.common.netty.channel.AbstractChannel.connect(AbstractChannel.java:207)
	at org.elasticsearch.common.netty.bootstrap.ClientBootstrap.connect(ClientBootstrap.java:229)
	at org.elasticsearch.common.netty.bootstrap.ClientBootstrap.connect(ClientBootstrap.java:182)
	at org.elasticsearch.transport.netty.NettyTransport.connectToChannels(NettyTransport.java:658)
	at org.elasticsearch.transport.netty.NettyTransport.connectToNode(NettyTransport.java:604)
	at org.elasticsearch.transport.netty.NettyTransport.connectToNode(NettyTransport.java:574)
	at org.elasticsearch.transport.TransportService.connectToNode(TransportService.java:127)
	at org.elasticsearch.cluster.service.InternalClusterService$ReconnectToNodes.run(InternalClusterService.java:395)
	at java.util.concurrent.ThreadPoolExecutor$Worker.runTask(ThreadPoolExecutor.java:895)
	at java.util.concurrent.ThreadPoolExecutor$Worker.run(ThreadPoolExecutor.java:918)
	at java.lang.Thread.run(Thread.java:695)
[2015-01-06 08:19:53,128][WARN ][cluster.service          ] [Nuke - Frank Simpson] failed to reconnect to node [Nuke - Frank Simpson][Bouh8eleQ_al0AqM_TjMKQ][inet[/192.168.1.141:9300]]
org.elasticsearch.transport.ConnectTransportException: [Nuke - Frank Simpson][inet[/192.168.1.141:9300]] connect_timeout[30s]
	at org.elasticsearch.transport.netty.NettyTransport.connectToChannels(NettyTransport.java:665)
	at org.elasticsearch.transport.netty.NettyTransport.connectToNode(NettyTransport.java:604)
	at org.elasticsearch.transport.netty.NettyTransport.connectToNode(NettyTransport.java:574)
	at org.elasticsearch.transport.TransportService.connectToNode(TransportService.java:127)
	at org.elasticsearch.cluster.service.InternalClusterService$ReconnectToNodes.run(InternalClusterService.java:395)
	at java.util.concurrent.ThreadPoolExecutor$Worker.runTask(ThreadPoolExecutor.java:895)
	at java.util.concurrent.ThreadPoolExecutor$Worker.run(ThreadPoolExecutor.java:918)
	at java.lang.Thread.run(Thread.java:695)
Caused by: java.net.ConnectException: connection timed out
	at org.elasticsearch.common.netty.channel.socket.nio.NioClientBoss.processConnectTimeout(NioClientBoss.java:136)
	at org.elasticsearch.common.netty.channel.socket.nio.NioClientBoss.process(NioClientBoss.java:82)
	at org.elasticsearch.common.netty.channel.socket.nio.AbstractNioSelector.run(AbstractNioSelector.java:313)
	at org.elasticsearch.common.netty.channel.socket.nio.NioClientBoss.run(NioClientBoss.java:41)
	at org.elasticsearch.common.netty.util.ThreadRenamingRunnable.run(ThreadRenamingRunnable.java:108)
	at org.elasticsearch.common.netty.util.internal.DeadLockProofWorker$1.run(DeadLockProofWorker.java:42)
	... 3 more
[2015-01-06 08:23:53,330][WARN ][cluster.service          ] [Nuke - Frank Simpson] failed to reconnect to node [Nuke - Frank Simpson][Bouh8eleQ_al0AqM_TjMKQ][inet[/192.168.1.141:9300]]
org.elasticsearch.transport.ConnectTransportException: [Nuke - Frank Simpson][inet[/192.168.1.141:9300]] connect_timeout[30s]
	at org.elasticsearch.transport.netty.NettyTransport.connectToChannels(NettyTransport.java:665)
	at org.elasticsearch.transport.netty.NettyTransport.connectToNode(NettyTransport.java:604)
	at org.elasticsearch.transport.netty.NettyTransport.connectToNode(NettyTransport.java:574)
	at org.elasticsearch.transport.TransportService.connectToNode(TransportService.java:127)
	at org.elasticsearch.cluster.service.InternalClusterService$ReconnectToNodes.run(InternalClusterService.java:395)
	at java.util.concurrent.ThreadPoolExecutor$Worker.runTask(ThreadPoolExecutor.java:895)
	at java.util.concurrent.ThreadPoolExecutor$Worker.run(ThreadPoolExecutor.java:918)
	at java.lang.Thread.run(Thread.java:695)
Caused by: java.net.ConnectException: connection timed out
	at org.elasticsearch.common.netty.channel.socket.nio.NioClientBoss.processConnectTimeout(NioClientBoss.java:136)
	at org.elasticsearch.common.netty.channel.socket.nio.NioClientBoss.process(NioClientBoss.java:82)
	at org.elasticsearch.common.netty.channel.socket.nio.AbstractNioSelector.run(AbstractNioSelector.java:313)
	at org.elasticsearch.common.netty.channel.socket.nio.NioClientBoss.run(NioClientBoss.java:41)
	at org.elasticsearch.common.netty.util.ThreadRenamingRunnable.run(ThreadRenamingRunnable.java:108)
	at org.elasticsearch.common.netty.util.internal.DeadLockProofWorker$1.run(DeadLockProofWorker.java:42)
	... 3 more
